[debug] [2017-11-24T12:42:44.969Z] ----------------------------------------------------------------------
[debug] [2017-11-24T12:42:44.972Z] Command:       C:\Program Files\nodejs\node.exe C:\Users\User\AppData\Roaming\npm\node_modules\firebase-tools\bin\firebase serve
[debug] [2017-11-24T12:42:44.972Z] CLI Version:   3.15.2
[debug] [2017-11-24T12:42:44.972Z] Platform:      win32
[debug] [2017-11-24T12:42:44.973Z] Node Version:  v8.9.1
[debug] [2017-11-24T12:42:44.973Z] Time:          Fri Nov 24 2017 19:42:44 GMT+0700 (SE Asia Standard Time)
[debug] [2017-11-24T12:42:44.973Z] ----------------------------------------------------------------------
[debug] 
[debug] [2017-11-24T12:42:44.987Z] > command requires scopes: ["email","openid","https://www.googleapis.com/auth/cloudplatformprojects.readonly","https://www.googleapis.com/auth/firebase","https://www.googleapis.com/auth/cloud-platform"]
[debug] [2017-11-24T12:42:44.987Z] > authorizing via signed-in user
[debug] [2017-11-24T12:42:44.990Z] >>> HTTP REQUEST GET https://admin.firebase.com/v1/projects/travl-0001  
 Fri Nov 24 2017 19:42:44 GMT+0700 (SE Asia Standard Time)
[debug] [2017-11-24T12:42:47.132Z] <<< HTTP RESPONSE 200
[debug] [2017-11-24T12:42:47.133Z] >>> HTTP REQUEST GET https://admin.firebase.com/v1/database/travl-0001/tokens  
 Fri Nov 24 2017 19:42:47 GMT+0700 (SE Asia Standard Time)
[debug] [2017-11-24T12:42:48.360Z] <<< HTTP RESPONSE 200
[info] 
[info] === Serving from 'C:\xampp\htdocs\travl-master'...
[info] 
[debug] [2017-11-24T12:42:48.368Z] >>> HTTP REQUEST GET https://cloudresourcemanager.googleapis.com/v1/projects/travl-0001  
 Fri Nov 24 2017 19:42:48 GMT+0700 (SE Asia Standard Time)
[debug] [2017-11-24T12:42:50.098Z] <<< HTTP RESPONSE 200
[debug] [2017-11-24T12:42:50.098Z] >>> HTTP REQUEST GET https://mobilesdk-pa.googleapis.com/v1/projects/817976592049/clients/_:getWebAppConfig  
 Fri Nov 24 2017 19:42:50 GMT+0700 (SE Asia Standard Time)
[debug] [2017-11-24T12:42:52.213Z] <<< HTTP RESPONSE 200
[info] i  hosting: Serving hosting files from: public
[info] +  hosting: Local server: http://localhost:5000

